==============================================================
Guild: Komodo
Channel: cc-rogue
Topic: use FSM branch AND then build as normal
 
./komodod -ac_name=ROGUE -ac_supply=1000000 -pubkey=<yourpubkey> -addnode=5.9.102.210  -ac_cclib=rogue -ac_perc=10000000 -ac_reward=100000000 -ac_cc=60001 -ac_script=2ea22c80203d1579313abe7d8ea85f48c65ea66fc512c878c0d0e6f6d54036669de940febf8103120c008203000401cc -daemon
Guide here: https://github.com/KomodoPlatform/komodo/wiki/Get-Started-with-Rogue-Game
Explorer: http://rogue.explorer.dexstats.info/
Player's Handbook: https://github.com/jl777/komodo/blob/jl777/src/cc/rogue/rogue.doc
Messages: 100
Range: before 05-Dec-19 12:00 AM
==============================================================

[27-Feb-19 08:12 PM] TonyL#3577
Hmm

[27-Feb-19 08:13 PM] TonyL#3577
Try to call ```./komodo-cli -ac_name=ROGUE cclib bailout 17 \"[%22c107aa7bb06c4548e0fc1e8453172b75bef5fc59ee4a043dff6191849c1cb954%22]\"
```

[27-Feb-19 08:14 PM] TonyL#3577
Oh just noticed that you wrote that going to sleep ðŸ˜ƒ

[27-Feb-19 08:14 PM] TonyL#3577
Good night!

[27-Feb-19 08:14 PM] ronyi#5719
000000000000000000b00000010000000000000003078300000000000307830000000000000000000e18c00000000000000000000000000",
  "txid": "d9f9492a12f1e897656cddf2c46aa2f54075af0a98b872e247528f6fce063a4b",
  "result": "success"

[27-Feb-19 08:15 PM] TonyL#3577
There is only txid of game but no txid of bailout, anyway if other games worked - maybe everything is not so bad now ðŸ˜ƒ

[27-Feb-19 08:16 PM] TonyL#3577
Hope there will be 25 heroes for this open testing and we'll find some bugs

[27-Feb-19 08:18 PM] ronyi#5719
New singleplayer training game succesfully created. txid: 3b51fed3c649544f72ba0a757cced34801e4b53e7fb284aaf7882b973919e3df
Waiting for game transaction to be mined
Press [Enter] to continue...
Do you want to choose a player for this game? [y/n] y
Please input player txid: a
couldnt get playertxid.0000000000000000000000000000000000000000000000000000000000000000
Something went wrong.
'txid'
Press [Enter] to continue...

[27-Feb-19 08:20 PM] TonyL#3577
You input "a" instead of playertxid

[27-Feb-19 08:20 PM] TonyL#3577
To start game with fresh/new warrior choose "n", not "y"

[27-Feb-19 08:22 PM] ronyi#5719
oooo f* i'm tired, appear. Good day/night! and sorry, but this is an exception ðŸ˜„

[27-Feb-19 08:23 PM] TonyL#3577
Good night and thank you a lot for your testing!

[27-Feb-19 08:30 PM] Cryptofist#7504
https://discordapp.com/channels/412898016371015680/542758401516634112/550407066657751044

[27-Feb-19 08:30 PM] Cryptofist#7504
@TonyL  ^

[27-Feb-19 08:32 PM] TonyL#3577
Pinned a message.

[27-Feb-19 08:35 PM] Cryptofist#7504
Edited it, can you double check to make sure it is correct?

{Reactions}
ðŸ‘ 

[27-Feb-19 10:12 PM] TonyL#3577
https://github.com/tonymorony/komodo_cryptoconditions_tui/releases/tag/0.2.0 uploaded Ubuntu bundle with fresh komodod which is suitable for open-testing. OSX will be added soon (building/testing atm)

{Embed}
https://github.com/tonymorony/komodo_cryptoconditions_tui/releases/tag/0.2.0
tonymorony/komodo_cryptoconditions_tui
Terminal user interfaces for Komodo CryptoConditions smart-contracts - tonymorony/komodo_cryptoconditions_tui
https://avatars1.githubusercontent.com/u/24797699?s=400&v=4

[27-Feb-19 11:12 PM] Cryptofist#7504
Posted tweet

[27-Feb-19 11:12 PM] Cryptofist#7504
Any submissions yet @TonyL  ?

[27-Feb-19 11:14 PM] TonyL#3577
Nope ðŸ˜ƒ

[27-Feb-19 11:14 PM] Cryptofist#7504
Needed to request edit access

[27-Feb-19 11:14 PM] Cryptofist#7504
can you change that?

[27-Feb-19 11:15 PM] TonyL#3577
It's just an example form - testers can make a copy by "File -> Create copy"

[27-Feb-19 11:15 PM] Cryptofist#7504
*I swear that since i started using two computers my typos 10x'd*

{Reactions}
ðŸ˜ƒ 

[27-Feb-19 11:15 PM] Cryptofist#7504
lolz

[27-Feb-19 11:16 PM] Cryptofist#7504
ok copy made

[27-Feb-19 11:16 PM] Cryptofist#7504
So

Make a copy to edit and DM the link

{Reactions}
ðŸ‘ 

[27-Feb-19 11:16 PM] TonyL#3577
Yes that easier I think - because if many people will edit same file it can became the real messup

[27-Feb-19 11:17 PM] joe2x4#5987
I just did a 100% fresh ubuntu install and rogue install. going to start testing really soon.

{Reactions}
ðŸ™Œ 

[27-Feb-19 11:18 PM] Cryptofist#7504
Ill bump btctalk tonight

[27-Feb-19 11:18 PM] Cryptofist#7504
keep me up to date-ish on # of submissions please

[27-Feb-19 11:18 PM] TonyL#3577
Sure

[27-Feb-19 11:19 PM] joe2x4#5987
i butchered my other cpu with updates, and made an expensive learning mistake, didn't dumpprivkey, bye bye 8 rogue

{Reactions}
ðŸ¤¦ ðŸ˜” 

[27-Feb-19 11:19 PM] Cryptofist#7504
Is the Game txid the same at the end as the begining?

[27-Feb-19 11:19 PM] Cryptofist#7504
theres only one right?

[27-Feb-19 11:20 PM] TonyL#3577
Yes gametxid is the same in beginning and in bailout print in the end

[27-Feb-19 11:20 PM] Cryptofist#7504
Do we need to make it to level 12 to count as valid?

[27-Feb-19 11:20 PM] Cryptofist#7504
3 games with a fresh warrior to level 12 is only for the very skilled

[27-Feb-19 11:21 PM] TonyL#3577
```3 - Play 3 long games (dungeon lvl12+) with fresh warrior or warrior re-usage and check if progress saves```

[27-Feb-19 11:21 PM] TonyL#3577
Re-usage is ok

[27-Feb-19 11:21 PM] Cryptofist#7504
If we're testing that bug we might need to save and go back a few times.

[27-Feb-19 11:21 PM] TonyL#3577
Just need to check progress in long games

[27-Feb-19 11:21 PM] Cryptofist#7504
ah ok

[27-Feb-19 11:21 PM] Cryptofist#7504
Ill have to redo some of these.

[27-Feb-19 11:21 PM] TonyL#3577
It seems latest jl777 komodod not building on OSX right now ðŸ˜¦
https://paste.ubuntu.com/p/DddP4XWqwy/

[27-Feb-19 11:21 PM] Cryptofist#7504
Time frame for completion might be rough in that case.

[27-Feb-19 11:21 PM] Cryptofist#7504
nooooooooo

[27-Feb-19 11:21 PM] Cryptofist#7504
sorry to hear that!

[28-Feb-19 12:02 AM] Cryptofist#7504
I'm going to re-write the post a bit @TonyL  
Also do you mind if we move the time line to end on the next day? It might be hard getting many people to do so many long games in that time frame

[28-Feb-19 12:03 AM] TonyL#3577
Sure ðŸ‘

[28-Feb-19 12:04 AM] TonyL#3577
You can set any timeframe you think correct

[28-Feb-19 12:11 AM] joe2x4#5987
just did a fresh install of ubuntu, then did the get started steps. tui option 6 produced the move ROGUE.conf error and wouldn'rt start so I used this comand cp ~/.komodo/ROGUE/ROGUE.conf ~/komodo/src    tui option 6 started a game this time. I killed one Emu, collected gold then got killed. game is stuck on this loop bailout not broadcasted yet by some reason. Let's wait...

[28-Feb-19 12:11 AM] joe2x4#5987
```No players available to select
Press [Enter] to continue...
ASSETCHAINS_SYMBOL.(ROGUE) port.38427 (user2488294308:passcb5a8413b230f1586c4bf5da5c863f6a52f230a55beb720412a56e491c1f4d28d5) IPADDRESS.127.0.0.1 
setplayerdata
Hello , just a moment while I dig the dungeon... seed.1310433783137844261rogueiterate


Top Ten Scores:
   Score Name
 1    54 : killed on level 1 by a hobgoblin.
[Press return to continue]
36270
```

[28-Feb-19 12:21 AM] TonyL#3577
Hmm, usually if bailout not broadcasting - it means that no keystroke transactions were sent or something like this

[28-Feb-19 12:21 AM] TonyL#3577
You may just `Ctrl+C` and restart TUI

[28-Feb-19 12:33 AM] joe2x4#5987
```No players available to select
Press [Enter] to continue...
ASSETCHAINS_SYMBOL.(ROGUE) port.38427 (user2488294308:passcb5a8413b230f1586c4bf5da5c863f6a52f230a55beb720412a56e491c1f4d28d5) IPADDRESS.127.0.0.1 
setplayerdata
Hello , just a moment while I dig the dungeon... seed.2460143771276241888rogueiterate


Top Ten Scores:
   Score Name
 1   581 : quit on level 6.
36295
36295
Waiting for next block before bailout
```

[28-Feb-19 12:33 AM] joe2x4#5987
second attempt bail fail

[28-Feb-19 12:33 AM] joe2x4#5987
bailout not broadcasted yet by some reason. Let's wait...

[28-Feb-19 12:38 AM] TonyL#3577
Hmm maybe you're not on latest

[28-Feb-19 12:38 AM] joe2x4#5987
I did a new install

[28-Feb-19 12:38 AM] TonyL#3577
https://github.com/tonymorony/komodo_cryptoconditions_tui/releases/tag/0.2.0 can you try to use ubuntu bundle?

{Embed}
https://github.com/tonymorony/komodo_cryptoconditions_tui/releases/tag/0.2.0
tonymorony/komodo_cryptoconditions_tui
Terminal user interfaces for Komodo CryptoConditions smart-contracts - tonymorony/komodo_cryptoconditions_tui
https://avatars1.githubusercontent.com/u/24797699?s=400&v=4

[28-Feb-19 12:38 AM] TonyL#3577
It have pre-compiled daemon inside

[28-Feb-19 12:39 AM] joe2x4#5987
Do I need to Delete anything existing to make this work?

[28-Feb-19 12:40 AM] TonyL#3577
Nope, just stop your current daemon, download and unzip bundle to some folder

[28-Feb-19 12:40 AM] TonyL#3577
In zip there are komodod, rogue_tui, rogue - all necessary stuff

[28-Feb-19 12:40 AM] joe2x4#5987
what is the correct way to stop daemon,

[28-Feb-19 12:40 AM] TonyL#3577
`./komodo-cli -ac_name=ROGUE stop`

{Reactions}
ðŸ‘ 

[28-Feb-19 01:12 AM] joe2x4#5987
so far so good, seems to work. was able to successful bail, also got killed and it quit properly. Haven't gotten naming to work yet though, Ok naming is working , its my head that isnt working

{Reactions}
ðŸ‘ ðŸ‘ 

[28-Feb-19 01:21 AM] Cryptofist#7504
Would be cool to see the "version" edited from 
``Version 5.4.4. (mctesq was here)``
to something fun. Maybe an Easter egg of sorts...

[28-Feb-19 01:57 AM] TonyL#3577
https://github.com/jl777/komodo/blob/jl777/src/cc/rogue/command.c#L315 this message setting here

{Embed}
https://github.com/jl777/komodo/blob/jl777/src/cc/rogue/command.c
jl777/komodo
Komodo. Contribute to jl777/komodo development by creating an account on GitHub.
https://avatars2.githubusercontent.com/u/5962559?s=400&v=4

[28-Feb-19 01:59 AM] TonyL#3577
"Mr. Mctesq" is a nickname of one of the creators, short for "Michael C. Toy, Esquire"

[28-Feb-19 02:00 AM] TonyL#3577
Maybe it's good to leave so that is a tribute to the creators - just delete it seems kinda not very respectful

[28-Feb-19 02:05 AM] Cryptofist#7504
Oh didnt even catch that! Nice

[28-Feb-19 02:05 AM] Cryptofist#7504
IT IS an easter egg

[28-Feb-19 02:33 AM] joe2x4#5987
Found two handed sword on lvl 2. Dead 5 sec later.

{Reactions}
ðŸ˜° 

[28-Feb-19 03:49 AM] joe2x4#5987
Something odd just happened. ```36491
Waiting for next block before bailout
Something went wrong.
(28, 'Operation timed out after 30001 milliseconds with 0 bytes received')
Press [Enter] to continue...```

[28-Feb-19 03:50 AM] joe2x4#5987
I did however walk away for a few minutes before bail

[28-Feb-19 03:50 AM] TonyL#3577
Hmm it means that daemon hanged/deadlocked

[28-Feb-19 03:51 AM] TonyL#3577
Was there something special about this game?

[28-Feb-19 03:52 AM] joe2x4#5987
no. just a second run on a character. tui is hung up as well ,  it just quit

[28-Feb-19 03:52 AM] joe2x4#5987
```> 0

Traceback (most recent call last):
  File "/root/latest_jl777/komodo/src/komodo_cryptoconditions_tui/lib/rpclib.py", line 17, in getinfo
  File "/usr/local/lib/python3.6/dist-packages/slickrpc/rpc.py", line 72, in call
pycurl.error: (28, 'Operation timed out after 30000 milliseconds with 0 bytes received')

During handling of the above exception, another exception occurred:

Traceback (most recent call last):
  File "/root/latest_jl777/komodo/src/komodo_cryptoconditions_tui/rogue_tui.py", line 111, in <module>
  File "/root/latest_jl777/komodo/src/komodo_cryptoconditions_tui/rogue_tui.py", line 65, in main
  File "/root/latest_jl777/komodo/src/komodo_cryptoconditions_tui/lib/tuilib.py", line 104, in getinfo_tui
  File "/root/latest_jl777/komodo/src/komodo_cryptoconditions_tui/lib/rpclib.py", line 19, in getinfo
Exception: Connection error!
[16982] Failed to execute script rogue_tui
```

[28-Feb-19 03:54 AM] TonyL#3577
TUI just lost connection to daemon because daemon hanged

[28-Feb-19 03:54 AM] TonyL#3577
Is it happened in game or after you quit?

[28-Feb-19 03:54 AM] joe2x4#5987
after Q + y

[28-Feb-19 03:55 AM] TonyL#3577
Aha, so probably it's hang on bailout. Did you save the gametxid?

[28-Feb-19 03:56 AM] joe2x4#5987
```"gametxid":"4fa4b08afe0bd0fee9590554225e434474c2b4d735850760dfe26f250dffbd8e"```

[28-Feb-19 03:57 AM] TonyL#3577
Try to `pkill -9 komodod` to kill hanged daemon first

[28-Feb-19 03:57 AM] TonyL#3577
Then start daemon again and call ```./komodo-cli -ac_name=ROGUE cclib bailout 17 \"[%224fa4b08afe0bd0fee9590554225e434474c2b4d735850760dfe26f250dffbd8e%22]\"```

[28-Feb-19 03:57 AM] joe2x4#5987
```./komodo-cli -ac_name=ROGUE getbalance``` just hangs as well

[28-Feb-19 03:57 AM] TonyL#3577
Because your daemon in deadlock now

[28-Feb-19 03:57 AM] TonyL#3577
You have to restart it

[28-Feb-19 04:08 AM] TonyL#3577
@joe2x4 Is it possible to make bailout by ```./komodo-cli -ac_name=ROGUE cclib bailout 17 \"[%224fa4b08afe0bd0fee9590554225e434474c2b4d735850760dfe26f250dffbd8e%22]\"``` after restart or it hangs on it?

[28-Feb-19 04:09 AM] TonyL#3577
https://github.com/tonymorony/komodo_cryptoconditions_tui/releases/tag/0.2.0 added fresh bundle for OSX
^^ @wookie

{Embed}
https://github.com/tonymorony/komodo_cryptoconditions_tui/releases/tag/0.2.0
tonymorony/komodo_cryptoconditions_tui
Terminal user interfaces for Komodo CryptoConditions smart-contracts - tonymorony/komodo_cryptoconditions_tui
https://avatars1.githubusercontent.com/u/24797699?s=400&v=4

[28-Feb-19 04:10 AM] Cryptofist#7504
---- side bar ---- wasnt the deep level issue happening as early as level 8?

[28-Feb-19 04:10 AM] Cryptofist#7504
I made it to 10 forgot to copy gold amount.

[28-Feb-19 04:10 AM] TonyL#3577
There is no quite clear determination on which level it's happening

[28-Feb-19 04:10 AM] Cryptofist#7504
(haven't been past 7 before ...)

[28-Feb-19 04:10 AM] Cryptofist#7504
Ok

[28-Feb-19 04:10 AM] TonyL#3577
Just some abstract matter like a "long games"

[28-Feb-19 04:11 AM] Cryptofist#7504
Any submissions?

